Using pre-set license
Built from '2020.3/staging' branch; Version is '2020.3.11f1 (99c7afb366b3) revision 10078127'; Using compiler version '192528614'; Build Type 'Release'
OS: 'Windows 10 Pro; OS build 19042.1052; Version 2009; 64bit' Language: 'en' Physical Memory: 8082 MB
BatchMode: 1, IsHumanControllingUs: 0, StartBugReporterOnCrash: 0, Is64bit: 1, IsPro: 0

 COMMAND LINE ARGUMENTS:
C:\Program Files\Unity\Hub\Editor\2020.3.11f1\Editor\Unity.exe
-adb2
-batchMode
-noUpm
-name
AssetImportWorker0
-projectPath
E:/Unity Games/bunny_game
-logFile
Logs/AssetImportWorker0.log
-srvPort
5044
Successfully changed project path to: E:/Unity Games/bunny_game
E:/Unity Games/bunny_game
Using Asset Import Pipeline V2.
Refreshing native plugins compatible for Editor in 86.70 ms, found 3 plugins.
Preloading 0 native plugins for Editor in 0.00 ms.
Initialize engine version: 2020.3.11f1 (99c7afb366b3)
[Subsystems] Discovering subsystems at path C:/Program Files/Unity/Hub/Editor/2020.3.11f1/Editor/Data/Resources/UnitySubsystems
[Subsystems] Discovering subsystems at path E:/Unity Games/bunny_game/Assets
GfxDevice: creating device client; threaded=0
Direct3D:
    Version:  Direct3D 11.0 [level 11.1]
    Renderer: Intel(R) HD Graphics 520 (ID=0x1916)
    Vendor:   
    VRAM:     4041 MB
    Driver:   27.20.100.8681
Initialize mono
Mono path[0] = 'C:/Program Files/Unity/Hub/Editor/2020.3.11f1/Editor/Data/Managed'
Mono path[1] = 'C:/Program Files/Unity/Hub/Editor/2020.3.11f1/Editor/Data/MonoBleedingEdge/lib/mono/unityjit'
Mono config path = 'C:/Program Files/Unity/Hub/Editor/2020.3.11f1/Editor/Data/MonoBleedingEdge/etc'
Using monoOptions --debugger-agent=transport=dt_socket,embedding=1,server=y,suspend=n,address=127.0.0.1:56284
Begin MonoManager ReloadAssembly
Registering precompiled unity dll's ...
Register platform support module: C:/Program Files/Unity/Hub/Editor/2020.3.11f1/Editor/Data/PlaybackEngines/WebGLSupport/UnityEditor.WebGL.Extensions.dll
Register platform support module: C:/Program Files/Unity/Hub/Editor/2020.3.11f1/Editor/Data/PlaybackEngines/WindowsStandaloneSupport/UnityEditor.WindowsStandalone.Extensions.dll
Registered in 0.005062 seconds.
Native extension for WindowsStandalone target not found
Native extension for WebGL target not found
Refreshing native plugins compatible for Editor in 77.60 ms, found 3 plugins.
Preloading 0 native plugins for Editor in 0.00 ms.
Mono: successfully reloaded assembly
- Completed reload, in  2.280 seconds
Platform modules already initialized, skipping
Registering precompiled user dll's ...
Registered in 0.006793 seconds.
Begin MonoManager ReloadAssembly
Native extension for WindowsStandalone target not found
Native extension for WebGL target not found
Refreshing native plugins compatible for Editor in 79.85 ms, found 3 plugins.
Preloading 0 native plugins for Editor in 0.00 ms.
Mono: successfully reloaded assembly
- Completed reload, in  2.245 seconds
Platform modules already initialized, skipping
========================================================================
Worker process is ready to serve import requests
Launched and connected shader compiler UnityShaderCompiler.exe after 0.08 seconds
Refreshing native plugins compatible for Editor in 0.60 ms, found 3 plugins.
Preloading 0 native plugins for Editor in 0.00 ms.
Unloading 2090 Unused Serialized files (Serialized files now loaded: 0)
System memory in use before: 93.2 MB.
System memory in use after: 93.1 MB.

Unloading 33 unused Assets to reduce memory usage. Loaded Objects now: 2525.
Total: 4.154600 ms (FindLiveObjects: 0.292200 ms CreateObjectMapping: 0.134000 ms MarkObjects: 3.524500 ms  DeleteObjects: 0.202300 ms)

========================================================================
Received Import Request.
  path: Assets/Prefabs/coin (8).prefab
  artifactKey: Guid(e3a9bcce3df78bd48a314fa3a46ff6f5) Importer(815301076,1909f56bfc062723c751e8b465ee728b)
Start importing Assets/Prefabs/coin (8).prefab using Guid(e3a9bcce3df78bd48a314fa3a46ff6f5) Importer(815301076,1909f56bfc062723c751e8b465ee728b)  -> (artifact id: '67806f32391b5c001ebb563f293e3c12') in 0.201602 seconds
  Import took 0.235256 seconds .

========================================================================
Received Import Request.
  Time since last request: 32.559153 seconds.
  path: Assets/Prefabs/Floor.prefab
  artifactKey: Guid(4742b19cddcb6498a985c99bde7dbc12) Importer(815301076,1909f56bfc062723c751e8b465ee728b)
Start importing Assets/Prefabs/Floor.prefab using Guid(4742b19cddcb6498a985c99bde7dbc12) Importer(815301076,1909f56bfc062723c751e8b465ee728b)  -> (artifact id: '55572ae32916174105612fe16c24ca46') in 0.056476 seconds
  Import took 0.064000 seconds .

========================================================================
Received Import Request.
  Time since last request: 18.938132 seconds.
  path: Assets/Prefabs/Floor.prefab
  artifactKey: Guid(4742b19cddcb6498a985c99bde7dbc12) Importer(815301076,1909f56bfc062723c751e8b465ee728b)
Start importing Assets/Prefabs/Floor.prefab using Guid(4742b19cddcb6498a985c99bde7dbc12) Importer(815301076,1909f56bfc062723c751e8b465ee728b)  -> (artifact id: '8112cb64fa0d278525dccdf12a93c640') in 0.033624 seconds
  Import took 0.047053 seconds .

========================================================================
Received Import Request.
  Time since last request: 14.646901 seconds.
  path: Assets/Prefabs/Floor.prefab
  artifactKey: Guid(4742b19cddcb6498a985c99bde7dbc12) Importer(815301076,1909f56bfc062723c751e8b465ee728b)
Start importing Assets/Prefabs/Floor.prefab using Guid(4742b19cddcb6498a985c99bde7dbc12) Importer(815301076,1909f56bfc062723c751e8b465ee728b)  -> (artifact id: '178af2866ae85bdc6c123e345cd4b685') in 0.033935 seconds
  Import took 0.043909 seconds .

========================================================================
Received Import Request.
  Time since last request: 82.690509 seconds.
  path: Assets/Prefabs/Floor.prefab
  artifactKey: Guid(4742b19cddcb6498a985c99bde7dbc12) Importer(815301076,1909f56bfc062723c751e8b465ee728b)
Start importing Assets/Prefabs/Floor.prefab using Guid(4742b19cddcb6498a985c99bde7dbc12) Importer(815301076,1909f56bfc062723c751e8b465ee728b)  -> (artifact id: 'e78713bbf0ae0c7c48768e1a533b5b9c') in 0.037796 seconds
  Import took 0.047954 seconds .

========================================================================
Received Import Request.
  Time since last request: 5.016841 seconds.
  path: Assets/Prefabs/Floor.prefab
  artifactKey: Guid(4742b19cddcb6498a985c99bde7dbc12) Importer(815301076,1909f56bfc062723c751e8b465ee728b)
Start importing Assets/Prefabs/Floor.prefab using Guid(4742b19cddcb6498a985c99bde7dbc12) Importer(815301076,1909f56bfc062723c751e8b465ee728b)  -> (artifact id: '00e9d8a0c6526331ce63b1d3bba32d73') in 0.043760 seconds
  Import took 0.053429 seconds .

========================================================================
Received Import Request.
  Time since last request: 3.172529 seconds.
  path: Assets/Prefabs/Floor.prefab
  artifactKey: Guid(4742b19cddcb6498a985c99bde7dbc12) Importer(815301076,1909f56bfc062723c751e8b465ee728b)
Start importing Assets/Prefabs/Floor.prefab using Guid(4742b19cddcb6498a985c99bde7dbc12) Importer(815301076,1909f56bfc062723c751e8b465ee728b)  -> (artifact id: 'ca2e06150c0335137e86f7be5f7cd80a') in 0.050531 seconds
  Import took 0.064574 seconds .

========================================================================
Received Import Request.
  Time since last request: 7.300148 seconds.
  path: Assets/Prefabs/Floor.prefab
  artifactKey: Guid(4742b19cddcb6498a985c99bde7dbc12) Importer(815301076,1909f56bfc062723c751e8b465ee728b)
Start importing Assets/Prefabs/Floor.prefab using Guid(4742b19cddcb6498a985c99bde7dbc12) Importer(815301076,1909f56bfc062723c751e8b465ee728b)  -> (artifact id: '60a3e43023ae16d7b5fc456d83c495cc') in 0.044961 seconds
  Import took 0.054850 seconds .

========================================================================
Received Import Request.
  Time since last request: 11.531201 seconds.
  path: Assets/Prefabs/Floor.prefab
  artifactKey: Guid(4742b19cddcb6498a985c99bde7dbc12) Importer(815301076,1909f56bfc062723c751e8b465ee728b)
Start importing Assets/Prefabs/Floor.prefab using Guid(4742b19cddcb6498a985c99bde7dbc12) Importer(815301076,1909f56bfc062723c751e8b465ee728b)  -> (artifact id: '37248113a08bcedae9705543b74d123e') in 0.038456 seconds
  Import took 0.050553 seconds .

========================================================================
Received Import Request.
  Time since last request: 384.648898 seconds.
  path: Assets/Prefabs/Floor.prefab
  artifactKey: Guid(4742b19cddcb6498a985c99bde7dbc12) Importer(815301076,1909f56bfc062723c751e8b465ee728b)
Start importing Assets/Prefabs/Floor.prefab using Guid(4742b19cddcb6498a985c99bde7dbc12) Importer(815301076,1909f56bfc062723c751e8b465ee728b)  -> (artifact id: '92f6607163bb2d346fc0f849d16ab61a') in 0.063106 seconds
  Import took 0.077103 seconds .

========================================================================
Received Import Request.
  Time since last request: 366.467406 seconds.
  path: Assets/Scripts/LevelGenerator.cs
  artifactKey: Guid(1949fe7435dfc72429feafaae5b3db9a) Importer(815301076,1909f56bfc062723c751e8b465ee728b)
Start importing Assets/Scripts/LevelGenerator.cs using Guid(1949fe7435dfc72429feafaae5b3db9a) Importer(815301076,1909f56bfc062723c751e8b465ee728b)  -> (artifact id: '69f61d04773d12dd63c568bdffe39faa') in 0.026168 seconds
  Import took 0.037054 seconds .

========================================================================
Received Prepare
Registering precompiled user dll's ...
Registered in 0.006866 seconds.
Begin MonoManager ReloadAssembly
Native extension for WindowsStandalone target not found
Native extension for WebGL target not found
Refreshing native plugins compatible for Editor in 1.07 ms, found 3 plugins.
Preloading 0 native plugins for Editor in 0.00 ms.
Mono: successfully reloaded assembly
- Completed reload, in  2.270 seconds
Platform modules already initialized, skipping
Refreshing native plugins compatible for Editor in 0.71 ms, found 3 plugins.
Preloading 0 native plugins for Editor in 0.00 ms.
Unloading 2085 Unused Serialized files (Serialized files now loaded: 0)
System memory in use before: 96.2 MB.
System memory in use after: 96.2 MB.

Unloading 21 unused Assets to reduce memory usage. Loaded Objects now: 2536.
Total: 5.133900 ms (FindLiveObjects: 0.308700 ms CreateObjectMapping: 0.139500 ms MarkObjects: 4.510000 ms  DeleteObjects: 0.173600 ms)

========================================================================
Received Prepare
Registering precompiled user dll's ...
Registered in 0.006255 seconds.
Begin MonoManager ReloadAssembly
Native extension for WindowsStandalone target not found
Native extension for WebGL target not found
Refreshing native plugins compatible for Editor in 0.64 ms, found 3 plugins.
Preloading 0 native plugins for Editor in 0.00 ms.
Mono: successfully reloaded assembly
- Completed reload, in  2.216 seconds
Platform modules already initialized, skipping
Refreshing native plugins compatible for Editor in 1.05 ms, found 3 plugins.
Preloading 0 native plugins for Editor in 0.00 ms.
Unloading 2085 Unused Serialized files (Serialized files now loaded: 0)
System memory in use before: 96.3 MB.
System memory in use after: 96.3 MB.

Unloading 21 unused Assets to reduce memory usage. Loaded Objects now: 2540.
Total: 3.674600 ms (FindLiveObjects: 0.381000 ms CreateObjectMapping: 0.168700 ms MarkObjects: 2.959600 ms  DeleteObjects: 0.163500 ms)

========================================================================
Received Prepare
Registering precompiled user dll's ...
Registered in 0.008793 seconds.
Begin MonoManager ReloadAssembly
Native extension for WindowsStandalone target not found
Native extension for WebGL target not found
Refreshing native plugins compatible for Editor in 0.70 ms, found 3 plugins.
Preloading 0 native plugins for Editor in 0.00 ms.
Mono: successfully reloaded assembly
- Completed reload, in  3.282 seconds
Platform modules already initialized, skipping
Refreshing native plugins compatible for Editor in 1.44 ms, found 3 plugins.
Preloading 0 native plugins for Editor in 0.00 ms.
Unloading 2085 Unused Serialized files (Serialized files now loaded: 0)
System memory in use before: 96.4 MB.
System memory in use after: 96.4 MB.

Unloading 21 unused Assets to reduce memory usage. Loaded Objects now: 2544.
Total: 7.736800 ms (FindLiveObjects: 0.436000 ms CreateObjectMapping: 0.184300 ms MarkObjects: 6.891600 ms  DeleteObjects: 0.221800 ms)

========================================================================
Received Prepare
Registering precompiled user dll's ...
Registered in 0.008271 seconds.
Begin MonoManager ReloadAssembly
Native extension for WindowsStandalone target not found
Native extension for WebGL target not found
Refreshing native plugins compatible for Editor in 1.55 ms, found 3 plugins.
Preloading 0 native plugins for Editor in 0.00 ms.
Mono: successfully reloaded assembly
- Completed reload, in  4.184 seconds
Platform modules already initialized, skipping
Refreshing native plugins compatible for Editor in 0.65 ms, found 3 plugins.
Preloading 0 native plugins for Editor in 0.00 ms.
Unloading 2085 Unused Serialized files (Serialized files now loaded: 0)
System memory in use before: 96.4 MB.
System memory in use after: 96.4 MB.

Unloading 21 unused Assets to reduce memory usage. Loaded Objects now: 2548.
Total: 7.705900 ms (FindLiveObjects: 0.839400 ms CreateObjectMapping: 0.643600 ms MarkObjects: 5.691200 ms  DeleteObjects: 0.525000 ms)

========================================================================
Received Prepare
Registering precompiled user dll's ...
Registered in 0.008032 seconds.
Begin MonoManager ReloadAssembly
Native extension for WindowsStandalone target not found
Native extension for WebGL target not found
Refreshing native plugins compatible for Editor in 0.82 ms, found 3 plugins.
Preloading 0 native plugins for Editor in 0.00 ms.
Mono: successfully reloaded assembly
- Completed reload, in  2.469 seconds
Platform modules already initialized, skipping
Refreshing native plugins compatible for Editor in 0.78 ms, found 3 plugins.
Preloading 0 native plugins for Editor in 0.00 ms.
Unloading 2085 Unused Serialized files (Serialized files now loaded: 0)
System memory in use before: 96.4 MB.
System memory in use after: 96.4 MB.

Unloading 21 unused Assets to reduce memory usage. Loaded Objects now: 2552.
Total: 4.159000 ms (FindLiveObjects: 0.354800 ms CreateObjectMapping: 0.149300 ms MarkObjects: 3.391700 ms  DeleteObjects: 0.261000 ms)

========================================================================
Received Prepare
Registering precompiled user dll's ...
Registered in 0.007092 seconds.
Begin MonoManager ReloadAssembly
Native extension for WindowsStandalone target not found
Native extension for WebGL target not found
Refreshing native plugins compatible for Editor in 0.93 ms, found 3 plugins.
Preloading 0 native plugins for Editor in 0.00 ms.
Mono: successfully reloaded assembly
- Completed reload, in  2.400 seconds
Platform modules already initialized, skipping
Refreshing native plugins compatible for Editor in 1.02 ms, found 3 plugins.
Preloading 0 native plugins for Editor in 0.00 ms.
Unloading 2085 Unused Serialized files (Serialized files now loaded: 0)
System memory in use before: 96.4 MB.
System memory in use after: 96.4 MB.

Unloading 21 unused Assets to reduce memory usage. Loaded Objects now: 2556.
Total: 4.497900 ms (FindLiveObjects: 0.379000 ms CreateObjectMapping: 0.133500 ms MarkObjects: 3.806200 ms  DeleteObjects: 0.177300 ms)

========================================================================
Received Prepare
Registering precompiled user dll's ...
Registered in 0.187466 seconds.
Begin MonoManager ReloadAssembly
Native extension for WindowsStandalone target not found
Native extension for WebGL target not found
Refreshing native plugins compatible for Editor in 2.49 ms, found 3 plugins.
Preloading 0 native plugins for Editor in 0.00 ms.
Mono: successfully reloaded assembly
- Completed reload, in  5.009 seconds
Platform modules already initialized, skipping
Refreshing native plugins compatible for Editor in 0.67 ms, found 3 plugins.
Preloading 0 native plugins for Editor in 0.00 ms.
Unloading 2085 Unused Serialized files (Serialized files now loaded: 0)
System memory in use before: 96.4 MB.
System memory in use after: 96.4 MB.

Unloading 21 unused Assets to reduce memory usage. Loaded Objects now: 2560.
Total: 22.797000 ms (FindLiveObjects: 0.423400 ms CreateObjectMapping: 0.243500 ms MarkObjects: 21.839700 ms  DeleteObjects: 0.287800 ms)

========================================================================
Received Prepare
Registering precompiled user dll's ...
Registered in 0.014977 seconds.
Begin MonoManager ReloadAssembly
Native extension for WindowsStandalone target not found
Native extension for WebGL target not found
Refreshing native plugins compatible for Editor in 1.40 ms, found 3 plugins.
Preloading 0 native plugins for Editor in 0.00 ms.
Mono: successfully reloaded assembly
- Completed reload, in  8.433 seconds
Platform modules already initialized, skipping
Refreshing native plugins compatible for Editor in 1.51 ms, found 3 plugins.
Preloading 0 native plugins for Editor in 0.00 ms.
Unloading 2085 Unused Serialized files (Serialized files now loaded: 0)
System memory in use before: 96.4 MB.
System memory in use after: 96.4 MB.

Unloading 21 unused Assets to reduce memory usage. Loaded Objects now: 2564.
Total: 7.930200 ms (FindLiveObjects: 0.654000 ms CreateObjectMapping: 0.238700 ms MarkObjects: 6.697600 ms  DeleteObjects: 0.336500 ms)

========================================================================
Received Prepare
Registering precompiled user dll's ...
Registered in 0.011912 seconds.
Begin MonoManager ReloadAssembly
Native extension for WindowsStandalone target not found
Native extension for WebGL target not found
Refreshing native plugins compatible for Editor in 1.09 ms, found 3 plugins.
Preloading 0 native plugins for Editor in 0.00 ms.
Mono: successfully reloaded assembly
- Completed reload, in  4.300 seconds
Platform modules already initialized, skipping
Refreshing native plugins compatible for Editor in 0.75 ms, found 3 plugins.
Preloading 0 native plugins for Editor in 0.00 ms.
Unloading 2085 Unused Serialized files (Serialized files now loaded: 0)
System memory in use before: 96.4 MB.
System memory in use after: 96.4 MB.

Unloading 21 unused Assets to reduce memory usage. Loaded Objects now: 2568.
Total: 7.235800 ms (FindLiveObjects: 0.505800 ms CreateObjectMapping: 0.237300 ms MarkObjects: 6.216000 ms  DeleteObjects: 0.273200 ms)

========================================================================
Received Prepare
Registering precompiled user dll's ...
Registered in 0.006807 seconds.
Begin MonoManager ReloadAssembly
Native extension for WindowsStandalone target not found
Native extension for WebGL target not found
Refreshing native plugins compatible for Editor in 0.68 ms, found 3 plugins.
Preloading 0 native plugins for Editor in 0.00 ms.
Mono: successfully reloaded assembly
- Completed reload, in  1.954 seconds
Platform modules already initialized, skipping
Refreshing native plugins compatible for Editor in 0.68 ms, found 3 plugins.
Preloading 0 native plugins for Editor in 0.00 ms.
Unloading 2085 Unused Serialized files (Serialized files now loaded: 0)
System memory in use before: 96.5 MB.
System memory in use after: 96.4 MB.

Unloading 21 unused Assets to reduce memory usage. Loaded Objects now: 2572.
Total: 5.287800 ms (FindLiveObjects: 0.915500 ms CreateObjectMapping: 0.357000 ms MarkObjects: 3.828800 ms  DeleteObjects: 0.184100 ms)

========================================================================
Received Prepare
Registering precompiled user dll's ...
Registered in 0.006864 seconds.
Begin MonoManager ReloadAssembly
Native extension for WindowsStandalone target not found
Native extension for WebGL target not found
Refreshing native plugins compatible for Editor in 0.91 ms, found 3 plugins.
Preloading 0 native plugins for Editor in 0.00 ms.
Mono: successfully reloaded assembly
- Completed reload, in  3.970 seconds
Platform modules already initialized, skipping
Refreshing native plugins compatible for Editor in 0.63 ms, found 3 plugins.
Preloading 0 native plugins for Editor in 0.00 ms.
Unloading 2085 Unused Serialized files (Serialized files now loaded: 0)
System memory in use before: 96.5 MB.
System memory in use after: 96.4 MB.

Unloading 21 unused Assets to reduce memory usage. Loaded Objects now: 2576.
Total: 3.744100 ms (FindLiveObjects: 0.322200 ms CreateObjectMapping: 0.152000 ms MarkObjects: 3.095700 ms  DeleteObjects: 0.172100 ms)

AssetImportWorkerClient::OnTransportError - code=2 error=End of file
