Using pre-set license
Built from '2020.3/staging' branch; Version is '2020.3.11f1 (99c7afb366b3) revision 10078127'; Using compiler version '192528614'; Build Type 'Release'
OS: 'Windows 10 Pro; OS build 19042.1052; Version 2009; 64bit' Language: 'en' Physical Memory: 8082 MB
BatchMode: 1, IsHumanControllingUs: 0, StartBugReporterOnCrash: 0, Is64bit: 1, IsPro: 0

 COMMAND LINE ARGUMENTS:
C:\Program Files\Unity\Hub\Editor\2020.3.11f1\Editor\Unity.exe
-adb2
-batchMode
-noUpm
-name
AssetImportWorker1
-projectPath
E:/Unity Games/bunny_game
-logFile
Logs/AssetImportWorker1.log
-srvPort
3527
Successfully changed project path to: E:/Unity Games/bunny_game
E:/Unity Games/bunny_game
Using Asset Import Pipeline V2.
Refreshing native plugins compatible for Editor in 112.68 ms, found 3 plugins.
Preloading 0 native plugins for Editor in 0.00 ms.
Initialize engine version: 2020.3.11f1 (99c7afb366b3)
[Subsystems] Discovering subsystems at path C:/Program Files/Unity/Hub/Editor/2020.3.11f1/Editor/Data/Resources/UnitySubsystems
[Subsystems] Discovering subsystems at path E:/Unity Games/bunny_game/Assets
GfxDevice: creating device client; threaded=0
Direct3D:
    Version:  Direct3D 11.0 [level 11.1]
    Renderer: Intel(R) HD Graphics 520 (ID=0x1916)
    Vendor:   
    VRAM:     4041 MB
    Driver:   27.20.100.8681
Initialize mono
Mono path[0] = 'C:/Program Files/Unity/Hub/Editor/2020.3.11f1/Editor/Data/Managed'
Mono path[1] = 'C:/Program Files/Unity/Hub/Editor/2020.3.11f1/Editor/Data/MonoBleedingEdge/lib/mono/unityjit'
Mono config path = 'C:/Program Files/Unity/Hub/Editor/2020.3.11f1/Editor/Data/MonoBleedingEdge/etc'
Using monoOptions --debugger-agent=transport=dt_socket,embedding=1,server=y,suspend=n,address=127.0.0.1:56276
Begin MonoManager ReloadAssembly
Registering precompiled unity dll's ...
Register platform support module: C:/Program Files/Unity/Hub/Editor/2020.3.11f1/Editor/Data/PlaybackEngines/WebGLSupport/UnityEditor.WebGL.Extensions.dll
Register platform support module: C:/Program Files/Unity/Hub/Editor/2020.3.11f1/Editor/Data/PlaybackEngines/WindowsStandaloneSupport/UnityEditor.WindowsStandalone.Extensions.dll
Registered in 0.006212 seconds.
Native extension for WindowsStandalone target not found
Native extension for WebGL target not found
Refreshing native plugins compatible for Editor in 108.17 ms, found 3 plugins.
Preloading 0 native plugins for Editor in 0.00 ms.
Mono: successfully reloaded assembly
- Completed reload, in 10.504 seconds
Platform modules already initialized, skipping
Registering precompiled user dll's ...
Registered in 0.007348 seconds.
Begin MonoManager ReloadAssembly
Native extension for WindowsStandalone target not found
Native extension for WebGL target not found
Refreshing native plugins compatible for Editor in 129.40 ms, found 3 plugins.
Preloading 0 native plugins for Editor in 0.00 ms.
Mono: successfully reloaded assembly
- Completed reload, in  3.238 seconds
Platform modules already initialized, skipping
========================================================================
Worker process is ready to serve import requests
Launched and connected shader compiler UnityShaderCompiler.exe after 0.21 seconds
Refreshing native plugins compatible for Editor in 1.78 ms, found 3 plugins.
Preloading 0 native plugins for Editor in 0.00 ms.
Unloading 2087 Unused Serialized files (Serialized files now loaded: 0)
System memory in use before: 93.0 MB.
System memory in use after: 93.0 MB.

Unloading 33 unused Assets to reduce memory usage. Loaded Objects now: 2520.
Total: 4.384700 ms (FindLiveObjects: 0.427000 ms CreateObjectMapping: 0.159200 ms MarkObjects: 3.581100 ms  DeleteObjects: 0.215400 ms)

========================================================================
Received Import Request.
  path: Assets/Materials
  artifactKey: Guid(26f5d2446690b2149aaf4695e621b100) Importer(815301076,1909f56bfc062723c751e8b465ee728b)
Start importing Assets/Materials using Guid(26f5d2446690b2149aaf4695e621b100) Importer(815301076,1909f56bfc062723c751e8b465ee728b)  -> (artifact id: 'e3d2fcac40a9ab0dd1e20f2864811de7') in 0.019961 seconds
  Import took 0.027480 seconds .

========================================================================
Received Import Request.
  Time since last request: 3.710532 seconds.
  path: Assets/Prefabs/UI
  artifactKey: Guid(1750768d8868ced4a8246606bd0b1667) Importer(815301076,1909f56bfc062723c751e8b465ee728b)
Start importing Assets/Prefabs/UI using Guid(1750768d8868ced4a8246606bd0b1667) Importer(815301076,1909f56bfc062723c751e8b465ee728b)  -> (artifact id: '98dd008de027539d8b96f633860f17ef') in 0.019218 seconds
  Import took 0.027955 seconds .

========================================================================
Received Import Request.
  Time since last request: 0.039332 seconds.
  path: Assets/Prefabs/UI/GameLogo.prefab
  artifactKey: Guid(6253ae2dfd52c459a825a39575bb3087) Importer(815301076,1909f56bfc062723c751e8b465ee728b)
Start importing Assets/Prefabs/UI/GameLogo.prefab using Guid(6253ae2dfd52c459a825a39575bb3087) Importer(815301076,1909f56bfc062723c751e8b465ee728b)  -> (artifact id: '4c6f655ae9dece28c63e18a33f2092dd') in 0.144643 seconds
  Import took 0.152049 seconds .

========================================================================
Received Import Request.
  Time since last request: 0.000568 seconds.
  path: Assets/Prefabs/UI/PlayButton.prefab
  artifactKey: Guid(ad7192c4c93a649bf9d78f7b86865143) Importer(815301076,1909f56bfc062723c751e8b465ee728b)
Start importing Assets/Prefabs/UI/PlayButton.prefab using Guid(ad7192c4c93a649bf9d78f7b86865143) Importer(815301076,1909f56bfc062723c751e8b465ee728b)  -> (artifact id: 'c901140554f1067c1ab51b4ae892d94c') in 0.063518 seconds
  Import took 0.072805 seconds .

========================================================================
Received Prepare
Registering precompiled user dll's ...
Registered in 0.008903 seconds.
Begin MonoManager ReloadAssembly
Native extension for WindowsStandalone target not found
Native extension for WebGL target not found
Refreshing native plugins compatible for Editor in 0.83 ms, found 3 plugins.
Preloading 0 native plugins for Editor in 0.00 ms.
Mono: successfully reloaded assembly
- Completed reload, in  2.573 seconds
Platform modules already initialized, skipping
Refreshing native plugins compatible for Editor in 0.80 ms, found 3 plugins.
Preloading 0 native plugins for Editor in 0.00 ms.
Unloading 2082 Unused Serialized files (Serialized files now loaded: 0)
System memory in use before: 93.0 MB.
System memory in use after: 93.0 MB.

Unloading 21 unused Assets to reduce memory usage. Loaded Objects now: 2524.
Total: 5.067300 ms (FindLiveObjects: 0.338700 ms CreateObjectMapping: 0.167200 ms MarkObjects: 4.351600 ms  DeleteObjects: 0.207800 ms)

========================================================================
Received Import Request.
  Time since last request: 211.239470 seconds.
  path: Assets/Sprites/UI/BlueHighlighted.png
  artifactKey: Guid(d0ffa1fcf822f4842ba200e7429b6289) Importer(815301076,1909f56bfc062723c751e8b465ee728b)
Start importing Assets/Sprites/UI/BlueHighlighted.png using Guid(d0ffa1fcf822f4842ba200e7429b6289) Importer(815301076,1909f56bfc062723c751e8b465ee728b)  -> (artifact id: '74ece7d8a6c8456687f4ab2b0a9566cb') in 0.308357 seconds
  Import took 0.318678 seconds .

========================================================================
Received Import Request.
  Time since last request: 0.000455 seconds.
  path: Assets/Sprites/bunny-run-assets/PNG/bunny/bunny_hit_1.png
  artifactKey: Guid(2613de1adad0541748c8202bdef03752) Importer(815301076,1909f56bfc062723c751e8b465ee728b)
Start importing Assets/Sprites/bunny-run-assets/PNG/bunny/bunny_hit_1.png using Guid(2613de1adad0541748c8202bdef03752) Importer(815301076,1909f56bfc062723c751e8b465ee728b)  -> (artifact id: '2e0f10f229afb300b559db304befa6f9') in 0.092420 seconds
  Import took 0.103992 seconds .

========================================================================
Received Import Request.
  Time since last request: 0.000344 seconds.
  path: Assets/Sprites/bunny-run-assets/PNG/bunny/bunny_jump_1.png
  artifactKey: Guid(ed889ce9dcd0c43a1a05a5ac014e5374) Importer(815301076,1909f56bfc062723c751e8b465ee728b)
Start importing Assets/Sprites/bunny-run-assets/PNG/bunny/bunny_jump_1.png using Guid(ed889ce9dcd0c43a1a05a5ac014e5374) Importer(815301076,1909f56bfc062723c751e8b465ee728b)  -> (artifact id: '93e496ba3ebb2c6af382aa777c6351db') in 0.093255 seconds
  Import took 0.103722 seconds .

========================================================================
Received Import Request.
  Time since last request: 0.001128 seconds.
  path: Assets/Sprites/bunny-run-assets/PNG/bunny/bunny_hit_2.png
  artifactKey: Guid(7b2a22f10f5794bcfb9a6234cb277380) Importer(815301076,1909f56bfc062723c751e8b465ee728b)
Start importing Assets/Sprites/bunny-run-assets/PNG/bunny/bunny_hit_2.png using Guid(7b2a22f10f5794bcfb9a6234cb277380) Importer(815301076,1909f56bfc062723c751e8b465ee728b)  -> (artifact id: '42b933e3328149cdce28f00325d66264') in 0.073642 seconds
  Import took 0.082294 seconds .

========================================================================
Received Import Request.
  Time since last request: 0.000555 seconds.
  path: Assets/Sprites/bunny-run-assets/PNG/bunny/bunny_hit_5.png
  artifactKey: Guid(bc0727cca3a974b5b97825e67993a37c) Importer(815301076,1909f56bfc062723c751e8b465ee728b)
Start importing Assets/Sprites/bunny-run-assets/PNG/bunny/bunny_hit_5.png using Guid(bc0727cca3a974b5b97825e67993a37c) Importer(815301076,1909f56bfc062723c751e8b465ee728b)  -> (artifact id: '54022de31a0b8a0e80665a8129a59d9b') in 0.077019 seconds
  Import took 0.088825 seconds .

========================================================================
Received Import Request.
  Time since last request: 0.000416 seconds.
  path: Assets/Sprites/bunny-run-assets/PNG/bunny/bunny_hit_4.png
  artifactKey: Guid(4a8572d54d3d046d1ae69e6a6f4c3895) Importer(815301076,1909f56bfc062723c751e8b465ee728b)
Start importing Assets/Sprites/bunny-run-assets/PNG/bunny/bunny_hit_4.png using Guid(4a8572d54d3d046d1ae69e6a6f4c3895) Importer(815301076,1909f56bfc062723c751e8b465ee728b)  -> (artifact id: '78c6a565ba81a9331bd50fd22c660d39') in 0.073832 seconds
  Import took 0.087124 seconds .

========================================================================
Received Import Request.
  Time since last request: 0.000735 seconds.
  path: Assets/Sprites/UI/BlueNormal.png
  artifactKey: Guid(ccb9085fff56241dd91e087385c88660) Importer(815301076,1909f56bfc062723c751e8b465ee728b)
Start importing Assets/Sprites/UI/BlueNormal.png using Guid(ccb9085fff56241dd91e087385c88660) Importer(815301076,1909f56bfc062723c751e8b465ee728b)  -> (artifact id: '08686a6afdcf36ad92a0b0fb25adc050') in 0.031968 seconds
  Import took 0.042701 seconds .

========================================================================
Received Import Request.
  Time since last request: 0.000463 seconds.
  path: Assets/Sprites/UI/BlueHighlighted.png
  artifactKey: Guid(d0ffa1fcf822f4842ba200e7429b6289) Importer(815301076,1909f56bfc062723c751e8b465ee728b)
Start importing Assets/Sprites/UI/BlueHighlighted.png using Guid(d0ffa1fcf822f4842ba200e7429b6289) Importer(815301076,1909f56bfc062723c751e8b465ee728b)  -> (artifact id: '74ece7d8a6c8456687f4ab2b0a9566cb') in 0.020567 seconds
  Import took 0.032696 seconds .

========================================================================
Received Import Request.
  Time since last request: 0.000507 seconds.
  path: Assets/Sprites/bunny-run-assets/PNG/bunny/bunny_hit_3.png
  artifactKey: Guid(ce37186cf95be404c8361add07f51482) Importer(815301076,1909f56bfc062723c751e8b465ee728b)
Start importing Assets/Sprites/bunny-run-assets/PNG/bunny/bunny_hit_3.png using Guid(ce37186cf95be404c8361add07f51482) Importer(815301076,1909f56bfc062723c751e8b465ee728b)  -> (artifact id: '673b589672964d920a3dc5d7d8c8a783') in 0.072973 seconds
  Import took 0.084727 seconds .

========================================================================
Received Import Request.
  Time since last request: 0.006684 seconds.
  path: Assets/Sprites/bunny-run-assets/PNG/bunny/bunny_hit_3.png
  artifactKey: Guid(ce37186cf95be404c8361add07f51482) Importer(815301076,1909f56bfc062723c751e8b465ee728b)
Start importing Assets/Sprites/bunny-run-assets/PNG/bunny/bunny_hit_3.png using Guid(ce37186cf95be404c8361add07f51482) Importer(815301076,1909f56bfc062723c751e8b465ee728b)  -> (artifact id: '673b589672964d920a3dc5d7d8c8a783') in 0.030666 seconds
  Import took 0.037864 seconds .

========================================================================
Received Import Request.
  Time since last request: 0.580417 seconds.
  path: Assets/Sprites/bunny-run-assets/PNG/bunny/bunny_jump_2.png
  artifactKey: Guid(48a06187fbed944eb8fdcdf7d534bfd7) Importer(815301076,1909f56bfc062723c751e8b465ee728b)
Start importing Assets/Sprites/bunny-run-assets/PNG/bunny/bunny_jump_2.png using Guid(48a06187fbed944eb8fdcdf7d534bfd7) Importer(815301076,1909f56bfc062723c751e8b465ee728b)  -> (artifact id: '3484e83afbe914f6c381e9e44ff80d25') in 0.170394 seconds
  Import took 0.193430 seconds .

========================================================================
Received Import Request.
  Time since last request: 0.000513 seconds.
  path: Assets/Sprites/bunny-run-assets/PNG/bunny/bunny_jump_3.png
  artifactKey: Guid(355dfe56bf7354f28a1b3773d985b07e) Importer(815301076,1909f56bfc062723c751e8b465ee728b)
Start importing Assets/Sprites/bunny-run-assets/PNG/bunny/bunny_jump_3.png using Guid(355dfe56bf7354f28a1b3773d985b07e) Importer(815301076,1909f56bfc062723c751e8b465ee728b)  -> (artifact id: '68f1d5fd65f58972f6b499564ebc6ed8') in 0.104476 seconds
  Import took 0.112120 seconds .

========================================================================
Received Import Request.
  Time since last request: 0.000422 seconds.
  path: Assets/Sprites/bunny-run-assets/PNG/bunny/bunny_walk_3.png
  artifactKey: Guid(eb05a0006986143fcb39c7d4fd5d0d4e) Importer(815301076,1909f56bfc062723c751e8b465ee728b)
Start importing Assets/Sprites/bunny-run-assets/PNG/bunny/bunny_walk_3.png using Guid(eb05a0006986143fcb39c7d4fd5d0d4e) Importer(815301076,1909f56bfc062723c751e8b465ee728b)  -> (artifact id: '30314e707e2463f1ec25a19801ce51a3') in 0.166902 seconds
  Import took 0.176745 seconds .

========================================================================
Received Import Request.
  Time since last request: 0.000507 seconds.
  path: Assets/Sprites/bunny-run-assets/PNG/bunny/bunny_jump_5.png
  artifactKey: Guid(872f73df5d687429e97aa23bfb0be790) Importer(815301076,1909f56bfc062723c751e8b465ee728b)
Start importing Assets/Sprites/bunny-run-assets/PNG/bunny/bunny_jump_5.png using Guid(872f73df5d687429e97aa23bfb0be790) Importer(815301076,1909f56bfc062723c751e8b465ee728b)  -> (artifact id: 'dcf1134f325ecc34f787b68a8f24c0b4') in 0.069540 seconds
  Import took 0.076127 seconds .

========================================================================
Received Import Request.
  Time since last request: 0.000393 seconds.
  path: Assets/Sprites/bunny-run-assets/PNG/bunny/bunny_walk_1.png
  artifactKey: Guid(f0eea904e674a4fa38cd7497ca1bd755) Importer(815301076,1909f56bfc062723c751e8b465ee728b)
Start importing Assets/Sprites/bunny-run-assets/PNG/bunny/bunny_walk_1.png using Guid(f0eea904e674a4fa38cd7497ca1bd755) Importer(815301076,1909f56bfc062723c751e8b465ee728b)  -> (artifact id: '2f8b23a7193aca0b569dc532d5822a38') in 0.070228 seconds
  Import took 0.077381 seconds .

========================================================================
Received Import Request.
  Time since last request: 0.000375 seconds.
  path: Assets/Sprites/bunny-run-assets/PNG/bunny/bunny_walk_2.png
  artifactKey: Guid(68958079369514f538dd97bfcf9e4ade) Importer(815301076,1909f56bfc062723c751e8b465ee728b)
Start importing Assets/Sprites/bunny-run-assets/PNG/bunny/bunny_walk_2.png using Guid(68958079369514f538dd97bfcf9e4ade) Importer(815301076,1909f56bfc062723c751e8b465ee728b)  -> (artifact id: 'd43bfeee98676f7fa3ef390b19eedce4') in 0.076414 seconds
  Import took 0.084332 seconds .

========================================================================
Received Import Request.
  Time since last request: 0.000460 seconds.
  path: Assets/Sprites/white-pixel.png
  artifactKey: Guid(a7af9125170844b7b95207fa5432a9ee) Importer(815301076,1909f56bfc062723c751e8b465ee728b)
Start importing Assets/Sprites/white-pixel.png using Guid(a7af9125170844b7b95207fa5432a9ee) Importer(815301076,1909f56bfc062723c751e8b465ee728b)  -> (artifact id: '3d09da93450d27ed2de35cb87068b138') in 0.050054 seconds
  Import took 0.060558 seconds .

========================================================================
Received Import Request.
  Time since last request: 0.000672 seconds.
  path: Assets/Sprites/bunny-run-assets/PNG/ground/Grass/ground-tile.png
  artifactKey: Guid(d19a50fe740584da2874d3fbe3b57a96) Importer(815301076,1909f56bfc062723c751e8b465ee728b)
Start importing Assets/Sprites/bunny-run-assets/PNG/ground/Grass/ground-tile.png using Guid(d19a50fe740584da2874d3fbe3b57a96) Importer(815301076,1909f56bfc062723c751e8b465ee728b)  -> (artifact id: 'bf460a0789a2e0e9062b569b838f2966') in 0.030658 seconds
  Import took 0.038645 seconds .

========================================================================
Received Import Request.
  Time since last request: 0.000515 seconds.
  path: Assets/Sprites/bunny-run-assets/PNG/bunny/bunny_jump_4.png
  artifactKey: Guid(291568b909ae34f95bee325f60929117) Importer(815301076,1909f56bfc062723c751e8b465ee728b)
Start importing Assets/Sprites/bunny-run-assets/PNG/bunny/bunny_jump_4.png using Guid(291568b909ae34f95bee325f60929117) Importer(815301076,1909f56bfc062723c751e8b465ee728b)  -> (artifact id: '5715d42401299596b65f7736b99f40dd') in 0.065333 seconds
  Import took 0.074731 seconds .

========================================================================
Received Import Request.
  Time since last request: 0.000484 seconds.
  path: Assets/Sprites/bunny-run-assets/PNG/bunny/bunny_walk_4.png
  artifactKey: Guid(3a544ca364a4c4182972c4441c50ad9e) Importer(815301076,1909f56bfc062723c751e8b465ee728b)
Start importing Assets/Sprites/bunny-run-assets/PNG/bunny/bunny_walk_4.png using Guid(3a544ca364a4c4182972c4441c50ad9e) Importer(815301076,1909f56bfc062723c751e8b465ee728b)  -> (artifact id: '19ac08a694e236322fefe56cfcdd0c13') in 0.071745 seconds
  Import took 0.081721 seconds .

========================================================================
Received Prepare
Registering precompiled user dll's ...
Registered in 0.007274 seconds.
Begin MonoManager ReloadAssembly
Native extension for WindowsStandalone target not found
Native extension for WebGL target not found
Refreshing native plugins compatible for Editor in 0.99 ms, found 3 plugins.
Preloading 0 native plugins for Editor in 0.00 ms.
Mono: successfully reloaded assembly
- Completed reload, in  2.632 seconds
Platform modules already initialized, skipping
Refreshing native plugins compatible for Editor in 0.84 ms, found 3 plugins.
Preloading 0 native plugins for Editor in 0.00 ms.
Unloading 2082 Unused Serialized files (Serialized files now loaded: 0)
System memory in use before: 96.0 MB.
System memory in use after: 96.0 MB.

Unloading 21 unused Assets to reduce memory usage. Loaded Objects now: 2550.
Total: 4.198900 ms (FindLiveObjects: 0.308500 ms CreateObjectMapping: 0.132200 ms MarkObjects: 3.579300 ms  DeleteObjects: 0.176500 ms)

========================================================================
Received Prepare
Registering precompiled user dll's ...
Registered in 0.013965 seconds.
Begin MonoManager ReloadAssembly
Native extension for WindowsStandalone target not found
Native extension for WebGL target not found
Refreshing native plugins compatible for Editor in 0.67 ms, found 3 plugins.
Preloading 0 native plugins for Editor in 0.00 ms.
Mono: successfully reloaded assembly
- Completed reload, in  2.682 seconds
Platform modules already initialized, skipping
Refreshing native plugins compatible for Editor in 0.67 ms, found 3 plugins.
Preloading 0 native plugins for Editor in 0.00 ms.
Unloading 2082 Unused Serialized files (Serialized files now loaded: 0)
System memory in use before: 96.0 MB.
System memory in use after: 96.0 MB.

Unloading 21 unused Assets to reduce memory usage. Loaded Objects now: 2554.
Total: 4.118500 ms (FindLiveObjects: 0.289500 ms CreateObjectMapping: 0.130400 ms MarkObjects: 3.528300 ms  DeleteObjects: 0.168900 ms)

========================================================================
Received Prepare
Registering precompiled user dll's ...
Registered in 0.005663 seconds.
Begin MonoManager ReloadAssembly
Native extension for WindowsStandalone target not found
Native extension for WebGL target not found
Refreshing native plugins compatible for Editor in 0.70 ms, found 3 plugins.
Preloading 0 native plugins for Editor in 0.00 ms.
Mono: successfully reloaded assembly
- Completed reload, in  2.270 seconds
Platform modules already initialized, skipping
Refreshing native plugins compatible for Editor in 1.22 ms, found 3 plugins.
Preloading 0 native plugins for Editor in 0.00 ms.
Unloading 2082 Unused Serialized files (Serialized files now loaded: 0)
System memory in use before: 96.0 MB.
System memory in use after: 96.0 MB.

Unloading 21 unused Assets to reduce memory usage. Loaded Objects now: 2558.
Total: 4.502200 ms (FindLiveObjects: 0.284600 ms CreateObjectMapping: 0.118600 ms MarkObjects: 3.919300 ms  DeleteObjects: 0.177200 ms)

========================================================================
Received Prepare
Registering precompiled user dll's ...
Registered in 0.008072 seconds.
Begin MonoManager ReloadAssembly
Native extension for WindowsStandalone target not found
Native extension for WebGL target not found
Refreshing native plugins compatible for Editor in 0.64 ms, found 3 plugins.
Preloading 0 native plugins for Editor in 0.00 ms.
Mono: successfully reloaded assembly
- Completed reload, in  2.065 seconds
Platform modules already initialized, skipping
Refreshing native plugins compatible for Editor in 0.64 ms, found 3 plugins.
Preloading 0 native plugins for Editor in 0.00 ms.
Unloading 2082 Unused Serialized files (Serialized files now loaded: 0)
System memory in use before: 96.1 MB.
System memory in use after: 96.0 MB.

Unloading 21 unused Assets to reduce memory usage. Loaded Objects now: 2562.
Total: 3.813700 ms (FindLiveObjects: 0.272200 ms CreateObjectMapping: 0.129100 ms MarkObjects: 3.227900 ms  DeleteObjects: 0.182800 ms)

========================================================================
Received Prepare
Registering precompiled user dll's ...
Registered in 0.010941 seconds.
Begin MonoManager ReloadAssembly
Native extension for WindowsStandalone target not found
Native extension for WebGL target not found
Refreshing native plugins compatible for Editor in 0.72 ms, found 3 plugins.
Preloading 0 native plugins for Editor in 0.00 ms.
Mono: successfully reloaded assembly
- Completed reload, in  2.304 seconds
Platform modules already initialized, skipping
Refreshing native plugins compatible for Editor in 0.71 ms, found 3 plugins.
Preloading 0 native plugins for Editor in 0.00 ms.
Unloading 2082 Unused Serialized files (Serialized files now loaded: 0)
System memory in use before: 96.1 MB.
System memory in use after: 96.0 MB.

Unloading 21 unused Assets to reduce memory usage. Loaded Objects now: 2566.
Total: 5.676600 ms (FindLiveObjects: 0.520800 ms CreateObjectMapping: 0.244000 ms MarkObjects: 4.665900 ms  DeleteObjects: 0.243300 ms)

========================================================================
Received Prepare
Registering precompiled user dll's ...
Registered in 0.008443 seconds.
Begin MonoManager ReloadAssembly
Native extension for WindowsStandalone target not found
Native extension for WebGL target not found
Refreshing native plugins compatible for Editor in 1.01 ms, found 3 plugins.
Preloading 0 native plugins for Editor in 0.00 ms.
Mono: successfully reloaded assembly
- Completed reload, in  2.279 seconds
Platform modules already initialized, skipping
Refreshing native plugins compatible for Editor in 0.66 ms, found 3 plugins.
Preloading 0 native plugins for Editor in 0.00 ms.
Unloading 2082 Unused Serialized files (Serialized files now loaded: 0)
System memory in use before: 96.1 MB.
System memory in use after: 96.1 MB.

Unloading 21 unused Assets to reduce memory usage. Loaded Objects now: 2570.
Total: 4.752300 ms (FindLiveObjects: 0.285900 ms CreateObjectMapping: 0.141700 ms MarkObjects: 4.142500 ms  DeleteObjects: 0.180000 ms)

========================================================================
Received Prepare
Registering precompiled user dll's ...
Registered in 0.006202 seconds.
Begin MonoManager ReloadAssembly
Native extension for WindowsStandalone target not found
Native extension for WebGL target not found
Refreshing native plugins compatible for Editor in 1.05 ms, found 3 plugins.
Preloading 0 native plugins for Editor in 0.00 ms.
Mono: successfully reloaded assembly
- Completed reload, in  2.522 seconds
Platform modules already initialized, skipping
Refreshing native plugins compatible for Editor in 1.03 ms, found 3 plugins.
Preloading 0 native plugins for Editor in 0.00 ms.
Unloading 2082 Unused Serialized files (Serialized files now loaded: 0)
System memory in use before: 96.1 MB.
System memory in use after: 96.1 MB.

Unloading 21 unused Assets to reduce memory usage. Loaded Objects now: 2574.
Total: 4.062500 ms (FindLiveObjects: 0.317400 ms CreateObjectMapping: 0.153400 ms MarkObjects: 3.350100 ms  DeleteObjects: 0.238600 ms)

========================================================================
Received Prepare
Registering precompiled user dll's ...
Registered in 0.008713 seconds.
Begin MonoManager ReloadAssembly
Native extension for WindowsStandalone target not found
Native extension for WebGL target not found
Refreshing native plugins compatible for Editor in 0.64 ms, found 3 plugins.
Preloading 0 native plugins for Editor in 0.00 ms.
Mono: successfully reloaded assembly
- Completed reload, in  2.000 seconds
Platform modules already initialized, skipping
Refreshing native plugins compatible for Editor in 0.64 ms, found 3 plugins.
Preloading 0 native plugins for Editor in 0.00 ms.
Unloading 2082 Unused Serialized files (Serialized files now loaded: 0)
System memory in use before: 96.1 MB.
System memory in use after: 96.1 MB.

Unloading 21 unused Assets to reduce memory usage. Loaded Objects now: 2578.
Total: 4.055200 ms (FindLiveObjects: 0.289500 ms CreateObjectMapping: 0.116500 ms MarkObjects: 3.462700 ms  DeleteObjects: 0.184700 ms)

========================================================================
Received Prepare
Registering precompiled user dll's ...
Registered in 0.007121 seconds.
Begin MonoManager ReloadAssembly
Native extension for WindowsStandalone target not found
Native extension for WebGL target not found
Refreshing native plugins compatible for Editor in 1.12 ms, found 3 plugins.
Preloading 0 native plugins for Editor in 0.00 ms.
Mono: successfully reloaded assembly
- Completed reload, in  2.768 seconds
Platform modules already initialized, skipping
Refreshing native plugins compatible for Editor in 0.65 ms, found 3 plugins.
Preloading 0 native plugins for Editor in 0.00 ms.
Unloading 2082 Unused Serialized files (Serialized files now loaded: 0)
System memory in use before: 96.1 MB.
System memory in use after: 96.1 MB.

Unloading 21 unused Assets to reduce memory usage. Loaded Objects now: 2582.
Total: 4.361800 ms (FindLiveObjects: 0.498500 ms CreateObjectMapping: 0.141200 ms MarkObjects: 3.541200 ms  DeleteObjects: 0.179100 ms)

========================================================================
Received Prepare
Registering precompiled user dll's ...
Registered in 0.007262 seconds.
Begin MonoManager ReloadAssembly
Native extension for WindowsStandalone target not found
Native extension for WebGL target not found
Refreshing native plugins compatible for Editor in 0.67 ms, found 3 plugins.
Preloading 0 native plugins for Editor in 0.00 ms.
Mono: successfully reloaded assembly
- Completed reload, in  2.194 seconds
Platform modules already initialized, skipping
Refreshing native plugins compatible for Editor in 0.96 ms, found 3 plugins.
Preloading 0 native plugins for Editor in 0.00 ms.
Unloading 2082 Unused Serialized files (Serialized files now loaded: 0)
System memory in use before: 96.1 MB.
System memory in use after: 96.1 MB.

Unloading 21 unused Assets to reduce memory usage. Loaded Objects now: 2586.
Total: 5.047400 ms (FindLiveObjects: 0.281500 ms CreateObjectMapping: 0.136700 ms MarkObjects: 3.766600 ms  DeleteObjects: 0.860200 ms)

========================================================================
Received Prepare
Registering precompiled user dll's ...
Registered in 0.016222 seconds.
Begin MonoManager ReloadAssembly
Native extension for WindowsStandalone target not found
Native extension for WebGL target not found
Refreshing native plugins compatible for Editor in 0.81 ms, found 3 plugins.
Preloading 0 native plugins for Editor in 0.00 ms.
Mono: successfully reloaded assembly
- Completed reload, in  2.603 seconds
Platform modules already initialized, skipping
Refreshing native plugins compatible for Editor in 0.82 ms, found 3 plugins.
Preloading 0 native plugins for Editor in 0.00 ms.
Unloading 2082 Unused Serialized files (Serialized files now loaded: 0)
System memory in use before: 96.1 MB.
System memory in use after: 96.1 MB.

Unloading 21 unused Assets to reduce memory usage. Loaded Objects now: 2590.
Total: 4.483900 ms (FindLiveObjects: 0.274600 ms CreateObjectMapping: 0.127100 ms MarkObjects: 3.852100 ms  DeleteObjects: 0.227900 ms)

========================================================================
Received Prepare
Registering precompiled user dll's ...
Registered in 0.005866 seconds.
Begin MonoManager ReloadAssembly
Native extension for WindowsStandalone target not found
Native extension for WebGL target not found
Refreshing native plugins compatible for Editor in 0.68 ms, found 3 plugins.
Preloading 0 native plugins for Editor in 0.00 ms.
Mono: successfully reloaded assembly
- Completed reload, in  2.086 seconds
Platform modules already initialized, skipping
Refreshing native plugins compatible for Editor in 0.77 ms, found 3 plugins.
Preloading 0 native plugins for Editor in 0.00 ms.
Unloading 2082 Unused Serialized files (Serialized files now loaded: 0)
System memory in use before: 96.1 MB.
System memory in use after: 96.1 MB.

Unloading 21 unused Assets to reduce memory usage. Loaded Objects now: 2594.
Total: 4.275700 ms (FindLiveObjects: 0.321500 ms CreateObjectMapping: 0.122300 ms MarkObjects: 3.633400 ms  DeleteObjects: 0.196500 ms)

========================================================================
Received Import Request.
  Time since last request: 2535.629664 seconds.
  path: Assets/Fonts/OpenSans-Regular.ttf
  artifactKey: Guid(adbb965acb4b24c1e908d8ff31113948) Importer(815301076,1909f56bfc062723c751e8b465ee728b)
Start importing Assets/Fonts/OpenSans-Regular.ttf using Guid(adbb965acb4b24c1e908d8ff31113948) Importer(815301076,1909f56bfc062723c751e8b465ee728b)  -> (artifact id: '2799d42052542b183755ff228d298c05') in 0.594685 seconds
  Import took 0.604697 seconds .

========================================================================
Received Import Request.
  Time since last request: 0.003966 seconds.
  path: Assets/Fonts/OpenSans-Regular.ttf
  artifactKey: Guid(adbb965acb4b24c1e908d8ff31113948) Importer(815301076,1909f56bfc062723c751e8b465ee728b)
Start importing Assets/Fonts/OpenSans-Regular.ttf using Guid(adbb965acb4b24c1e908d8ff31113948) Importer(815301076,1909f56bfc062723c751e8b465ee728b)  -> (artifact id: '2799d42052542b183755ff228d298c05') in 0.024527 seconds
  Import took 0.031710 seconds .

========================================================================
Received Prepare
Registering precompiled user dll's ...
Registered in 0.005732 seconds.
Begin MonoManager ReloadAssembly
Native extension for WindowsStandalone target not found
Native extension for WebGL target not found
Refreshing native plugins compatible for Editor in 0.67 ms, found 3 plugins.
Preloading 0 native plugins for Editor in 0.00 ms.
Mono: successfully reloaded assembly
- Completed reload, in  2.026 seconds
Platform modules already initialized, skipping
Refreshing native plugins compatible for Editor in 1.36 ms, found 3 plugins.
Preloading 0 native plugins for Editor in 0.00 ms.
Unloading 2082 Unused Serialized files (Serialized files now loaded: 0)
System memory in use before: 96.5 MB.
System memory in use after: 96.5 MB.

Unloading 21 unused Assets to reduce memory usage. Loaded Objects now: 2639.
Total: 4.711600 ms (FindLiveObjects: 0.327600 ms CreateObjectMapping: 0.136300 ms MarkObjects: 4.069500 ms  DeleteObjects: 0.176600 ms)

========================================================================
Received Prepare
Registering precompiled user dll's ...
Registered in 0.007879 seconds.
Begin MonoManager ReloadAssembly
Native extension for WindowsStandalone target not found
Native extension for WebGL target not found
Refreshing native plugins compatible for Editor in 0.64 ms, found 3 plugins.
Preloading 0 native plugins for Editor in 0.00 ms.
Mono: successfully reloaded assembly
- Completed reload, in  2.093 seconds
Platform modules already initialized, skipping
Refreshing native plugins compatible for Editor in 0.75 ms, found 3 plugins.
Preloading 0 native plugins for Editor in 0.00 ms.
Unloading 2082 Unused Serialized files (Serialized files now loaded: 0)
System memory in use before: 96.5 MB.
System memory in use after: 96.5 MB.

Unloading 21 unused Assets to reduce memory usage. Loaded Objects now: 2643.
Total: 4.276500 ms (FindLiveObjects: 0.301500 ms CreateObjectMapping: 0.138900 ms MarkObjects: 3.634100 ms  DeleteObjects: 0.198900 ms)

========================================================================
Received Prepare
Registering precompiled user dll's ...
Registered in 0.009501 seconds.
Begin MonoManager ReloadAssembly
Native extension for WindowsStandalone target not found
Native extension for WebGL target not found
Refreshing native plugins compatible for Editor in 0.67 ms, found 3 plugins.
Preloading 0 native plugins for Editor in 0.00 ms.
Mono: successfully reloaded assembly
- Completed reload, in  2.081 seconds
Platform modules already initialized, skipping
Refreshing native plugins compatible for Editor in 0.66 ms, found 3 plugins.
Preloading 0 native plugins for Editor in 0.00 ms.
Unloading 2082 Unused Serialized files (Serialized files now loaded: 0)
System memory in use before: 96.5 MB.
System memory in use after: 96.5 MB.

Unloading 21 unused Assets to reduce memory usage. Loaded Objects now: 2647.
Total: 3.925500 ms (FindLiveObjects: 0.293700 ms CreateObjectMapping: 0.125300 ms MarkObjects: 3.307500 ms  DeleteObjects: 0.197300 ms)

========================================================================
Received Prepare
Registering precompiled user dll's ...
Registered in 0.007554 seconds.
Begin MonoManager ReloadAssembly
Native extension for WindowsStandalone target not found
Native extension for WebGL target not found
Refreshing native plugins compatible for Editor in 0.70 ms, found 3 plugins.
Preloading 0 native plugins for Editor in 0.00 ms.
Mono: successfully reloaded assembly
- Completed reload, in  2.535 seconds
Platform modules already initialized, skipping
Refreshing native plugins compatible for Editor in 0.74 ms, found 3 plugins.
Preloading 0 native plugins for Editor in 0.00 ms.
Unloading 2082 Unused Serialized files (Serialized files now loaded: 0)
System memory in use before: 96.5 MB.
System memory in use after: 96.5 MB.

Unloading 21 unused Assets to reduce memory usage. Loaded Objects now: 2651.
Total: 4.600500 ms (FindLiveObjects: 0.329000 ms CreateObjectMapping: 0.119000 ms MarkObjects: 3.773100 ms  DeleteObjects: 0.377600 ms)

========================================================================
Received Prepare
Registering precompiled user dll's ...
Registered in 0.006496 seconds.
Begin MonoManager ReloadAssembly
Native extension for WindowsStandalone target not found
Native extension for WebGL target not found
Refreshing native plugins compatible for Editor in 0.65 ms, found 3 plugins.
Preloading 0 native plugins for Editor in 0.00 ms.
Mono: successfully reloaded assembly
- Completed reload, in  2.313 seconds
Platform modules already initialized, skipping
Refreshing native plugins compatible for Editor in 0.65 ms, found 3 plugins.
Preloading 0 native plugins for Editor in 0.00 ms.
Unloading 2082 Unused Serialized files (Serialized files now loaded: 0)
System memory in use before: 96.5 MB.
System memory in use after: 96.5 MB.

Unloading 21 unused Assets to reduce memory usage. Loaded Objects now: 2655.
Total: 4.507700 ms (FindLiveObjects: 0.360500 ms CreateObjectMapping: 0.204800 ms MarkObjects: 3.769100 ms  DeleteObjects: 0.171300 ms)

========================================================================
Received Prepare
Registering precompiled user dll's ...
Registered in 0.009276 seconds.
Begin MonoManager ReloadAssembly
Native extension for WindowsStandalone target not found
Native extension for WebGL target not found
Refreshing native plugins compatible for Editor in 0.65 ms, found 3 plugins.
Preloading 0 native plugins for Editor in 0.00 ms.
Mono: successfully reloaded assembly
- Completed reload, in  2.988 seconds
Platform modules already initialized, skipping
Refreshing native plugins compatible for Editor in 0.66 ms, found 3 plugins.
Preloading 0 native plugins for Editor in 0.00 ms.
Unloading 2082 Unused Serialized files (Serialized files now loaded: 0)
System memory in use before: 96.5 MB.
System memory in use after: 96.5 MB.

Unloading 21 unused Assets to reduce memory usage. Loaded Objects now: 2659.
Total: 3.873900 ms (FindLiveObjects: 0.459100 ms CreateObjectMapping: 0.208500 ms MarkObjects: 3.008900 ms  DeleteObjects: 0.195600 ms)

========================================================================
Received Prepare
Registering precompiled user dll's ...
Registered in 0.009304 seconds.
Begin MonoManager ReloadAssembly
Native extension for WindowsStandalone target not found
Native extension for WebGL target not found
Refreshing native plugins compatible for Editor in 0.67 ms, found 3 plugins.
Preloading 0 native plugins for Editor in 0.00 ms.
Mono: successfully reloaded assembly
- Completed reload, in  3.050 seconds
Platform modules already initialized, skipping
Refreshing native plugins compatible for Editor in 0.66 ms, found 3 plugins.
Preloading 0 native plugins for Editor in 0.00 ms.
Unloading 2082 Unused Serialized files (Serialized files now loaded: 0)
System memory in use before: 96.5 MB.
System memory in use after: 96.5 MB.

Unloading 21 unused Assets to reduce memory usage. Loaded Objects now: 2663.
Total: 4.319800 ms (FindLiveObjects: 0.486900 ms CreateObjectMapping: 0.198200 ms MarkObjects: 3.409700 ms  DeleteObjects: 0.222300 ms)

========================================================================
Received Prepare
Registering precompiled user dll's ...
Registered in 0.005935 seconds.
Begin MonoManager ReloadAssembly
Native extension for WindowsStandalone target not found
Native extension for WebGL target not found
Refreshing native plugins compatible for Editor in 0.68 ms, found 3 plugins.
Preloading 0 native plugins for Editor in 0.00 ms.
Mono: successfully reloaded assembly
- Completed reload, in  2.381 seconds
Platform modules already initialized, skipping
Refreshing native plugins compatible for Editor in 0.88 ms, found 3 plugins.
Preloading 0 native plugins for Editor in 0.00 ms.
Unloading 2082 Unused Serialized files (Serialized files now loaded: 0)
System memory in use before: 96.5 MB.
System memory in use after: 96.5 MB.

Unloading 21 unused Assets to reduce memory usage. Loaded Objects now: 2667.
Total: 3.873900 ms (FindLiveObjects: 0.322700 ms CreateObjectMapping: 0.144600 ms MarkObjects: 3.229300 ms  DeleteObjects: 0.175700 ms)

========================================================================
Received Prepare
Registering precompiled user dll's ...
Registered in 0.008858 seconds.
Begin MonoManager ReloadAssembly
Native extension for WindowsStandalone target not found
Native extension for WebGL target not found
Refreshing native plugins compatible for Editor in 0.64 ms, found 3 plugins.
Preloading 0 native plugins for Editor in 0.00 ms.
Mono: successfully reloaded assembly
- Completed reload, in  2.553 seconds
Platform modules already initialized, skipping
Refreshing native plugins compatible for Editor in 0.79 ms, found 3 plugins.
Preloading 0 native plugins for Editor in 0.00 ms.
Unloading 2082 Unused Serialized files (Serialized files now loaded: 0)
System memory in use before: 96.5 MB.
System memory in use after: 96.5 MB.

Unloading 21 unused Assets to reduce memory usage. Loaded Objects now: 2671.
Total: 6.497800 ms (FindLiveObjects: 1.180800 ms CreateObjectMapping: 0.298100 ms MarkObjects: 4.768200 ms  DeleteObjects: 0.247600 ms)

========================================================================
Received Prepare
Registering precompiled user dll's ...
Registered in 0.024331 seconds.
Begin MonoManager ReloadAssembly
Native extension for WindowsStandalone target not found
Native extension for WebGL target not found
Refreshing native plugins compatible for Editor in 1.14 ms, found 3 plugins.
Preloading 0 native plugins for Editor in 0.00 ms.
Mono: successfully reloaded assembly
- Completed reload, in  4.996 seconds
Platform modules already initialized, skipping
Refreshing native plugins compatible for Editor in 1.13 ms, found 3 plugins.
Preloading 0 native plugins for Editor in 0.00 ms.
Unloading 2082 Unused Serialized files (Serialized files now loaded: 0)
System memory in use before: 96.6 MB.
System memory in use after: 96.5 MB.

Unloading 21 unused Assets to reduce memory usage. Loaded Objects now: 2675.
Total: 10.368100 ms (FindLiveObjects: 0.654200 ms CreateObjectMapping: 0.326300 ms MarkObjects: 9.115500 ms  DeleteObjects: 0.258800 ms)

========================================================================
Received Import Request.
  Time since last request: 1084.783611 seconds.
  path: Assets/Sprites
  artifactKey: Guid(7758e587c7dc58d4eb681a62336e8d14) Importer(815301076,1909f56bfc062723c751e8b465ee728b)
Start importing Assets/Sprites using Guid(7758e587c7dc58d4eb681a62336e8d14) Importer(815301076,1909f56bfc062723c751e8b465ee728b)  -> (artifact id: '949f68c3983ce9770885b952b5e638f6') in 0.019058 seconds
  Import took 0.027586 seconds .

========================================================================
Received Import Request.
  Time since last request: 0.017755 seconds.
  path: Assets/Sprites
  artifactKey: Guid(7758e587c7dc58d4eb681a62336e8d14) Importer(815301076,1909f56bfc062723c751e8b465ee728b)
Start importing Assets/Sprites using Guid(7758e587c7dc58d4eb681a62336e8d14) Importer(815301076,1909f56bfc062723c751e8b465ee728b)  -> (artifact id: '949f68c3983ce9770885b952b5e638f6') in 0.004136 seconds
  Import took 0.012769 seconds .

========================================================================
Received Import Request.
  Time since last request: 13.456570 seconds.
  path: Assets/Sprites/Coins
  artifactKey: Guid(dfb76ed1c0e4e13418b2e063d238bec0) Importer(815301076,1909f56bfc062723c751e8b465ee728b)
Start importing Assets/Sprites/Coins using Guid(dfb76ed1c0e4e13418b2e063d238bec0) Importer(815301076,1909f56bfc062723c751e8b465ee728b)  -> (artifact id: '571e59fb53a60755b591216940d86b15') in 0.015555 seconds
  Import took 0.022060 seconds .

========================================================================
Received Import Request.
  Time since last request: 36.715144 seconds.
  path: Assets/Sprites/Coins/coin.png
  artifactKey: Guid(e6ddb76f7df9c654a85aa262ee8dd4df) Importer(815301076,1909f56bfc062723c751e8b465ee728b)
Start importing Assets/Sprites/Coins/coin.png using Guid(e6ddb76f7df9c654a85aa262ee8dd4df) Importer(815301076,1909f56bfc062723c751e8b465ee728b)  -> (artifact id: '938618f2e76bbce9c40c4a1d8237208c') in 0.132143 seconds
  Import took 0.140917 seconds .

========================================================================
Received Import Request.
  Time since last request: 0.000424 seconds.
  path: Assets/Sprites/Coins/coin_5.png
  artifactKey: Guid(1f46ca11d783f604a9951ceec0d5b919) Importer(815301076,1909f56bfc062723c751e8b465ee728b)
Start importing Assets/Sprites/Coins/coin_5.png using Guid(1f46ca11d783f604a9951ceec0d5b919) Importer(815301076,1909f56bfc062723c751e8b465ee728b)  -> (artifact id: 'b2dc376b8c5103a4c53b6b87215c1a4d') in 0.025499 seconds
  Import took 0.034333 seconds .

========================================================================
Received Import Request.
  Time since last request: 0.000338 seconds.
  path: Assets/Sprites/Coins/coin_4.png
  artifactKey: Guid(1ba02590fea0cec4682f2992cc54c254) Importer(815301076,1909f56bfc062723c751e8b465ee728b)
Start importing Assets/Sprites/Coins/coin_4.png using Guid(1ba02590fea0cec4682f2992cc54c254) Importer(815301076,1909f56bfc062723c751e8b465ee728b)  -> (artifact id: '31315000e66b667c86409bc1cfcf133c') in 0.037721 seconds
  Import took 0.046393 seconds .

========================================================================
Received Import Request.
  Time since last request: 0.000378 seconds.
  path: Assets/Sprites/Coins/coin_6.png
  artifactKey: Guid(89d0fc1b3f6c88d40a52969a1a8e9c7e) Importer(815301076,1909f56bfc062723c751e8b465ee728b)
Start importing Assets/Sprites/Coins/coin_6.png using Guid(89d0fc1b3f6c88d40a52969a1a8e9c7e) Importer(815301076,1909f56bfc062723c751e8b465ee728b)  -> (artifact id: '4be6e02962479ad56a97d8e7f9c67795') in 0.038975 seconds
  Import took 0.044810 seconds .

========================================================================
Received Import Request.
  Time since last request: 0.000413 seconds.
  path: Assets/Sprites/Coins/coin_3.png
  artifactKey: Guid(677fed764fa003d4787ce7399f88c26d) Importer(815301076,1909f56bfc062723c751e8b465ee728b)
Start importing Assets/Sprites/Coins/coin_3.png using Guid(677fed764fa003d4787ce7399f88c26d) Importer(815301076,1909f56bfc062723c751e8b465ee728b)  -> (artifact id: '1c5d423c36192aab3ab93095be980b4a') in 0.036347 seconds
  Import took 0.045435 seconds .

========================================================================
Received Import Request.
  Time since last request: 0.000451 seconds.
  path: Assets/Sprites/Coins/coin_8.png
  artifactKey: Guid(37f81722549ee164d8e7d5a1b95c260a) Importer(815301076,1909f56bfc062723c751e8b465ee728b)
Start importing Assets/Sprites/Coins/coin_8.png using Guid(37f81722549ee164d8e7d5a1b95c260a) Importer(815301076,1909f56bfc062723c751e8b465ee728b)  -> (artifact id: '61d8c98c116333185b0ef5aab8d8128c') in 0.037122 seconds
  Import took 0.046991 seconds .

========================================================================
Received Import Request.
  Time since last request: 0.000349 seconds.
  path: Assets/Sprites/Coins/coin_7.png
  artifactKey: Guid(c659836d1f7db2d419d2af74944c0018) Importer(815301076,1909f56bfc062723c751e8b465ee728b)
Start importing Assets/Sprites/Coins/coin_7.png using Guid(c659836d1f7db2d419d2af74944c0018) Importer(815301076,1909f56bfc062723c751e8b465ee728b)  -> (artifact id: '16ea3c798025a9328ad1707f63f5d923') in 0.030273 seconds
  Import took 0.038166 seconds .

========================================================================
Received Import Request.
  Time since last request: 0.000430 seconds.
  path: Assets/Sprites/Coins/coin_2.png
  artifactKey: Guid(8ad1fd9b821c65e428d10e68ee3364ce) Importer(815301076,1909f56bfc062723c751e8b465ee728b)
Start importing Assets/Sprites/Coins/coin_2.png using Guid(8ad1fd9b821c65e428d10e68ee3364ce) Importer(815301076,1909f56bfc062723c751e8b465ee728b)  -> (artifact id: 'c30902b4c9719dd8ecc7097b89259954') in 0.028797 seconds
  Import took 0.035657 seconds .

========================================================================
Received Import Request.
  Time since last request: 0.000340 seconds.
  path: Assets/Sprites/Coins/coin_1.png
  artifactKey: Guid(16ac4048fa1ac25429b7de29c82f7f31) Importer(815301076,1909f56bfc062723c751e8b465ee728b)
Start importing Assets/Sprites/Coins/coin_1.png using Guid(16ac4048fa1ac25429b7de29c82f7f31) Importer(815301076,1909f56bfc062723c751e8b465ee728b)  -> (artifact id: '05d3ad5fe15f231aac9468f5dc131396') in 0.034501 seconds
  Import took 0.042989 seconds .

========================================================================
Received Prepare
Registering precompiled user dll's ...
Registered in 0.008465 seconds.
Begin MonoManager ReloadAssembly
Native extension for WindowsStandalone target not found
Native extension for WebGL target not found
Refreshing native plugins compatible for Editor in 0.67 ms, found 3 plugins.
Preloading 0 native plugins for Editor in 0.00 ms.
Mono: successfully reloaded assembly
- Completed reload, in  2.797 seconds
Platform modules already initialized, skipping
Refreshing native plugins compatible for Editor in 0.75 ms, found 3 plugins.
Preloading 0 native plugins for Editor in 0.00 ms.
Unloading 2082 Unused Serialized files (Serialized files now loaded: 0)
System memory in use before: 96.6 MB.
System memory in use after: 96.6 MB.

Unloading 21 unused Assets to reduce memory usage. Loaded Objects now: 2682.
Total: 5.562400 ms (FindLiveObjects: 0.483900 ms CreateObjectMapping: 0.173300 ms MarkObjects: 4.599200 ms  DeleteObjects: 0.303500 ms)

========================================================================
Received Prepare
Registering precompiled user dll's ...
Registered in 0.010280 seconds.
Begin MonoManager ReloadAssembly
Native extension for WindowsStandalone target not found
Native extension for WebGL target not found
Refreshing native plugins compatible for Editor in 2.31 ms, found 3 plugins.
Preloading 0 native plugins for Editor in 0.00 ms.
Mono: successfully reloaded assembly
- Completed reload, in  4.712 seconds
Platform modules already initialized, skipping
Refreshing native plugins compatible for Editor in 0.94 ms, found 3 plugins.
Preloading 0 native plugins for Editor in 0.00 ms.
Unloading 2082 Unused Serialized files (Serialized files now loaded: 0)
System memory in use before: 96.6 MB.
System memory in use after: 96.6 MB.

Unloading 21 unused Assets to reduce memory usage. Loaded Objects now: 2686.
Total: 7.091300 ms (FindLiveObjects: 0.484200 ms CreateObjectMapping: 0.251500 ms MarkObjects: 5.711800 ms  DeleteObjects: 0.641000 ms)

========================================================================
Received Prepare
Registering precompiled user dll's ...
Registered in 0.006436 seconds.
Begin MonoManager ReloadAssembly
Native extension for WindowsStandalone target not found
Native extension for WebGL target not found
Refreshing native plugins compatible for Editor in 0.72 ms, found 3 plugins.
Preloading 0 native plugins for Editor in 0.00 ms.
Mono: successfully reloaded assembly
- Completed reload, in  2.277 seconds
Platform modules already initialized, skipping
Refreshing native plugins compatible for Editor in 1.08 ms, found 3 plugins.
Preloading 0 native plugins for Editor in 0.00 ms.
Unloading 2082 Unused Serialized files (Serialized files now loaded: 0)
System memory in use before: 96.6 MB.
System memory in use after: 96.6 MB.

Unloading 21 unused Assets to reduce memory usage. Loaded Objects now: 2690.
Total: 3.745400 ms (FindLiveObjects: 0.305100 ms CreateObjectMapping: 0.134900 ms MarkObjects: 3.051200 ms  DeleteObjects: 0.252000 ms)

========================================================================
Received Prepare
Registering precompiled user dll's ...
Registered in 0.006300 seconds.
Begin MonoManager ReloadAssembly
Native extension for WindowsStandalone target not found
Native extension for WebGL target not found
Refreshing native plugins compatible for Editor in 0.77 ms, found 3 plugins.
Preloading 0 native plugins for Editor in 0.00 ms.
Mono: successfully reloaded assembly
- Completed reload, in  2.169 seconds
Platform modules already initialized, skipping
Refreshing native plugins compatible for Editor in 0.65 ms, found 3 plugins.
Preloading 0 native plugins for Editor in 0.00 ms.
Unloading 2082 Unused Serialized files (Serialized files now loaded: 0)
System memory in use before: 96.6 MB.
System memory in use after: 96.6 MB.

Unloading 21 unused Assets to reduce memory usage. Loaded Objects now: 2694.
Total: 4.385200 ms (FindLiveObjects: 0.318700 ms CreateObjectMapping: 0.129200 ms MarkObjects: 3.759300 ms  DeleteObjects: 0.176100 ms)

========================================================================
Received Prepare
Registering precompiled user dll's ...
Registered in 0.006463 seconds.
Begin MonoManager ReloadAssembly
Native extension for WindowsStandalone target not found
Native extension for WebGL target not found
Refreshing native plugins compatible for Editor in 2.25 ms, found 3 plugins.
Preloading 0 native plugins for Editor in 0.00 ms.
Mono: successfully reloaded assembly
- Completed reload, in  2.589 seconds
Platform modules already initialized, skipping
Refreshing native plugins compatible for Editor in 0.65 ms, found 3 plugins.
Preloading 0 native plugins for Editor in 0.00 ms.
Unloading 2082 Unused Serialized files (Serialized files now loaded: 0)
System memory in use before: 96.6 MB.
System memory in use after: 96.6 MB.

Unloading 21 unused Assets to reduce memory usage. Loaded Objects now: 2698.
Total: 5.222800 ms (FindLiveObjects: 0.454600 ms CreateObjectMapping: 0.208700 ms MarkObjects: 4.304000 ms  DeleteObjects: 0.253000 ms)

========================================================================
Received Prepare
Registering precompiled user dll's ...
Registered in 0.006764 seconds.
Begin MonoManager ReloadAssembly
Native extension for WindowsStandalone target not found
Native extension for WebGL target not found
Refreshing native plugins compatible for Editor in 0.71 ms, found 3 plugins.
Preloading 0 native plugins for Editor in 0.00 ms.
Mono: successfully reloaded assembly
- Completed reload, in  2.539 seconds
Platform modules already initialized, skipping
Refreshing native plugins compatible for Editor in 0.73 ms, found 3 plugins.
Preloading 0 native plugins for Editor in 0.00 ms.
Unloading 2082 Unused Serialized files (Serialized files now loaded: 0)
System memory in use before: 96.6 MB.
System memory in use after: 96.6 MB.

Unloading 21 unused Assets to reduce memory usage. Loaded Objects now: 2702.
Total: 3.931500 ms (FindLiveObjects: 0.313100 ms CreateObjectMapping: 0.155200 ms MarkObjects: 3.275500 ms  DeleteObjects: 0.185500 ms)

========================================================================
Received Prepare
Registering precompiled user dll's ...
Registered in 0.007368 seconds.
Begin MonoManager ReloadAssembly
Native extension for WindowsStandalone target not found
Native extension for WebGL target not found
Refreshing native plugins compatible for Editor in 0.66 ms, found 3 plugins.
Preloading 0 native plugins for Editor in 0.00 ms.
Mono: successfully reloaded assembly
- Completed reload, in  1.937 seconds
Platform modules already initialized, skipping
Refreshing native plugins compatible for Editor in 0.88 ms, found 3 plugins.
Preloading 0 native plugins for Editor in 0.00 ms.
Unloading 2082 Unused Serialized files (Serialized files now loaded: 0)
System memory in use before: 96.7 MB.
System memory in use after: 96.7 MB.

Unloading 21 unused Assets to reduce memory usage. Loaded Objects now: 2706.
Total: 6.677500 ms (FindLiveObjects: 0.422700 ms CreateObjectMapping: 0.151300 ms MarkObjects: 4.393700 ms  DeleteObjects: 1.707900 ms)

========================================================================
Received Prepare
Registering precompiled user dll's ...
Registered in 0.007849 seconds.
Begin MonoManager ReloadAssembly
Native extension for WindowsStandalone target not found
Native extension for WebGL target not found
Refreshing native plugins compatible for Editor in 0.67 ms, found 3 plugins.
Preloading 0 native plugins for Editor in 0.00 ms.
Mono: successfully reloaded assembly
- Completed reload, in  2.203 seconds
Platform modules already initialized, skipping
Refreshing native plugins compatible for Editor in 0.63 ms, found 3 plugins.
Preloading 0 native plugins for Editor in 0.00 ms.
Unloading 2082 Unused Serialized files (Serialized files now loaded: 0)
System memory in use before: 96.7 MB.
System memory in use after: 96.7 MB.

Unloading 21 unused Assets to reduce memory usage. Loaded Objects now: 2710.
Total: 4.659400 ms (FindLiveObjects: 0.323700 ms CreateObjectMapping: 0.158000 ms MarkObjects: 4.005200 ms  DeleteObjects: 0.170300 ms)

========================================================================
Received Prepare
Registering precompiled user dll's ...
Registered in 0.008201 seconds.
Begin MonoManager ReloadAssembly
Native extension for WindowsStandalone target not found
Native extension for WebGL target not found
Refreshing native plugins compatible for Editor in 2.31 ms, found 3 plugins.
Preloading 0 native plugins for Editor in 0.00 ms.
Mono: successfully reloaded assembly
- Completed reload, in  2.758 seconds
Platform modules already initialized, skipping
Refreshing native plugins compatible for Editor in 1.06 ms, found 3 plugins.
Preloading 0 native plugins for Editor in 0.00 ms.
Unloading 2082 Unused Serialized files (Serialized files now loaded: 0)
System memory in use before: 96.7 MB.
System memory in use after: 96.7 MB.

Unloading 21 unused Assets to reduce memory usage. Loaded Objects now: 2714.
Total: 6.762500 ms (FindLiveObjects: 0.581900 ms CreateObjectMapping: 0.242700 ms MarkObjects: 5.707400 ms  DeleteObjects: 0.227700 ms)

========================================================================
Received Prepare
Registering precompiled user dll's ...
Registered in 0.009210 seconds.
Begin MonoManager ReloadAssembly
Native extension for WindowsStandalone target not found
Native extension for WebGL target not found
Refreshing native plugins compatible for Editor in 0.67 ms, found 3 plugins.
Preloading 0 native plugins for Editor in 0.00 ms.
Mono: successfully reloaded assembly
- Completed reload, in  2.829 seconds
Platform modules already initialized, skipping
Refreshing native plugins compatible for Editor in 0.89 ms, found 3 plugins.
Preloading 0 native plugins for Editor in 0.00 ms.
Unloading 2082 Unused Serialized files (Serialized files now loaded: 0)
System memory in use before: 96.8 MB.
System memory in use after: 96.8 MB.

Unloading 21 unused Assets to reduce memory usage. Loaded Objects now: 2718.
Total: 10.171600 ms (FindLiveObjects: 0.622800 ms CreateObjectMapping: 0.366300 ms MarkObjects: 8.799000 ms  DeleteObjects: 0.379500 ms)

AssetImportWorkerClient::OnTransportError - code=2 error=End of file
